[INFO] Scanning for projects...
[INFO] 
[INFO] --------------------< com.interivalle:BackendLogin >--------------------
[INFO] Building Backend_Login 1.0.0
[INFO] --------------------------------[ jar ]---------------------------------
[INFO] 
[INFO] >>> spring-boot-maven-plugin:3.3.4:run (default-cli) > test-compile @ BackendLogin >>>
[INFO] 
[INFO] --- maven-resources-plugin:3.3.1:resources (default-resources) @ BackendLogin ---
[INFO] Copying 1 resource from src\main\resources to target\classes
[INFO] Copying 8 resources from src\main\resources to target\classes
[INFO] 
[INFO] --- maven-compiler-plugin:3.13.0:compile (default-compile) @ BackendLogin ---
[INFO] Nothing to compile - all classes are up to date.
[INFO] 
[INFO] --- maven-resources-plugin:3.3.1:testResources (default-testResources) @ BackendLogin ---
[INFO] skip non existing resourceDirectory C:\Users\mary_\Documents\Backend_Login\src\test\resources
[INFO] 
[INFO] --- maven-compiler-plugin:3.13.0:testCompile (default-testCompile) @ BackendLogin ---
[INFO] Nothing to compile - all classes are up to date.
[INFO] 
[INFO] <<< spring-boot-maven-plugin:3.3.4:run (default-cli) < test-compile @ BackendLogin <<<
[INFO] 
[INFO] 
[INFO] --- spring-boot-maven-plugin:3.3.4:run (default-cli) @ BackendLogin ---
[INFO] Attaching agents: []

  .   ____          _            __ _ _
 /\\ / ___'_ __ _ _(_)_ __  __ _ \ \ \ \
( ( )\___ | '_ | '_| | '_ \/ _` | \ \ \ \
 \\/  ___)| |_)| | | | | || (_| |  ) ) ) )
  '  |____| .__|_| |_|_| |_\__, | / / / /
 =========|_|==============|___/=/_/_/_/

 :: Spring Boot ::                (v3.3.4)

2026-04-28T23:00:23.072-05:00  INFO 29292 --- [Backend_Login] [           main] com.interivalle.BackendLogin             : Starting BackendLogin using Java 17.0.16 with PID 29292 (C:\Users\mary_\Documents\Backend_Login\target\classes started by mary_ in C:\Users\mary_\Documents\Backend_Login)
2026-04-28T23:00:23.075-05:00  INFO 29292 --- [Backend_Login] [           main] com.interivalle.BackendLogin             : No active profile set, falling back to 1 default profile: "default"
2026-04-28T23:00:23.699-05:00  INFO 29292 --- [Backend_Login] [           main] .s.d.r.c.RepositoryConfigurationDelegate : Bootstrapping Spring Data JPA repositories in DEFAULT mode.
2026-04-28T23:00:23.809-05:00  INFO 29292 --- [Backend_Login] [           main] .s.d.r.c.RepositoryConfigurationDelegate : Finished Spring Data repository scanning in 98 ms. Found 28 JPA repository interfaces.
2026-04-28T23:00:24.355-05:00  INFO 29292 --- [Backend_Login] [           main] o.s.b.w.embedded.tomcat.TomcatWebServer  : Tomcat initialized with port 8081 (http)
2026-04-28T23:00:24.371-05:00  INFO 29292 --- [Backend_Login] [           main] o.apache.catalina.core.StandardService   : Starting service [Tomcat]
2026-04-28T23:00:24.371-05:00  INFO 29292 --- [Backend_Login] [           main] o.apache.catalina.core.StandardEngine    : Starting Servlet engine: [Apache Tomcat/10.1.30]
2026-04-28T23:00:24.435-05:00  INFO 29292 --- [Backend_Login] [           main] o.a.c.c.C.[Tomcat].[localhost].[/]       : Initializing Spring embedded WebApplicationContext
2026-04-28T23:00:24.437-05:00  INFO 29292 --- [Backend_Login] [           main] w.s.c.ServletWebServerApplicationContext : Root WebApplicationContext: initialization completed in 1312 ms
2026-04-28T23:00:24.553-05:00  INFO 29292 --- [Backend_Login] [           main] o.hibernate.jpa.internal.util.LogHelper  : HHH000204: Processing PersistenceUnitInfo [name: default]
2026-04-28T23:00:24.605-05:00  INFO 29292 --- [Backend_Login] [           main] org.hibernate.Version                    : HHH000412: Hibernate ORM core version 6.5.3.Final
2026-04-28T23:00:24.638-05:00  INFO 29292 --- [Backend_Login] [           main] o.h.c.internal.RegionFactoryInitiator    : HHH000026: Second-level cache disabled
2026-04-28T23:00:24.889-05:00  INFO 29292 --- [Backend_Login] [           main] o.s.o.j.p.SpringPersistenceUnitInfo      : No LoadTimeWeaver setup: ignoring JPA class transformer
2026-04-28T23:00:24.939-05:00  INFO 29292 --- [Backend_Login] [           main] com.zaxxer.hikari.HikariDataSource       : HikariPool-1 - Starting...
2026-04-28T23:00:25.069-05:00  INFO 29292 --- [Backend_Login] [           main] com.zaxxer.hikari.pool.HikariPool        : HikariPool-1 - Added connection com.mysql.cj.jdbc.ConnectionImpl@74ebd159
2026-04-28T23:00:25.072-05:00  INFO 29292 --- [Backend_Login] [           main] com.zaxxer.hikari.HikariDataSource       : HikariPool-1 - Start completed.
2026-04-28T23:00:25.103-05:00  WARN 29292 --- [Backend_Login] [           main] org.hibernate.dialect.Dialect            : HHH000511: The 5.5.5 version for [org.hibernate.dialect.MySQLDialect] is no longer supported, hence certain features may not work properly. The minimum supported version is 8.0.0. Check the community dialects project for available legacy versions.
2026-04-28T23:00:25.105-05:00  WARN 29292 --- [Backend_Login] [           main] org.hibernate.orm.deprecation            : HHH90000025: MySQLDialect does not need to be specified explicitly using 'hibernate.dialect' (remove the property setting and it will be selected by default)
2026-04-28T23:00:26.350-05:00  INFO 29292 --- [Backend_Login] [           main] o.h.e.t.j.p.i.JtaPlatformInitiator       : HHH000489: No JTA platform available (set 'hibernate.transaction.jta.platform' to enable JTA platform integration)
Hibernate: alter table avance_semanal modify column descripcion TEXT
Hibernate: alter table avance_semanal modify column observaciones TEXT
Hibernate: alter table carpinteria_personalizada modify column descripcion TEXT
Hibernate: alter table catalogo_item modify column params_json TEXT
Hibernate: alter table catalogo_item modify column tipo_item enum ('ACTIVIDAD','MATERIAL','PRODUCTO') not null
Hibernate: alter table comentario_avance modify column comentario TEXT not null
Hibernate: alter table cronograma modify column estado_cronograma enum ('EN_PROCESO','FINALIZADO') not null
Hibernate: alter table cronograma_detalle modify column estado_actividad enum ('ATRASADA','EN_PROCESO','PENDIENTE','TERMINADA') not null
Hibernate: alter table notificacion modify column modulo enum ('AVANCE','COTIZACION','CRONOGRAMA','SOLICITUD','VISITA_TECNICA') not null
Hibernate: alter table notificacion modify column tipo enum ('AVANCE_REGISTRADO','COTIZACION_APROBADA','CRONOGRAMA_GENERADO','VISITA_TECNICA_CREADA','VISITA_TECNICA_REPROGRAMADA') not null
2026-04-28T23:00:26.586-05:00  INFO 29292 --- [Backend_Login] [           main] j.LocalContainerEntityManagerFactoryBean : Initialized JPA EntityManagerFactory for persistence unit 'default'
2026-04-28T23:00:26.851-05:00 DEBUG 29292 --- [Backend_Login] [           main] com.interivalle.Security.JwtAuthFilter   : Filter 'jwtAuthFilter' configured for use
2026-04-28T23:00:27.128-05:00  INFO 29292 --- [Backend_Login] [           main] o.s.d.j.r.query.QueryEnhancerFactory     : Hibernate is in classpath; If applicable, HQL parser will be used.
2026-04-28T23:00:27.844-05:00  INFO 29292 --- [Backend_Login] [           main] r$InitializeUserDetailsManagerConfigurer : Global AuthenticationManager configured with UserDetailsService bean with name userDetailsServiceImpl
2026-04-28T23:00:27.861-05:00  WARN 29292 --- [Backend_Login] [           main] JpaBaseConfiguration$JpaWebConfiguration : spring.jpa.open-in-view is enabled by default. Therefore, database queries may be performed during view rendering. Explicitly configure spring.jpa.open-in-view to disable this warning
2026-04-28T23:00:28.144-05:00 DEBUG 29292 --- [Backend_Login] [           main] o.s.s.web.DefaultSecurityFilterChain     : Will secure any request with filters: DisableEncodeUrlFilter, WebAsyncManagerIntegrationFilter, SecurityContextHolderFilter, HeaderWriterFilter, CorsFilter, LogoutFilter, JwtAuthFilter, RequestCacheAwareFilter, SecurityContextHolderAwareRequestFilter, AnonymousAuthenticationFilter, SessionManagementFilter, ExceptionTranslationFilter, AuthorizationFilter
2026-04-28T23:00:28.353-05:00  INFO 29292 --- [Backend_Login] [           main] o.s.b.w.embedded.tomcat.TomcatWebServer  : Tomcat started on port 8081 (http) with context path '/'
2026-04-28T23:00:28.356-05:00  INFO 29292 --- [Backend_Login] [           main] com.interivalle.BackendLogin             : Started BackendLogin in 5.614 seconds (process running for 5.9)
2026-04-28T23:01:15.444-05:00  INFO 29292 --- [Backend_Login] [nio-8081-exec-1] o.a.c.c.C.[Tomcat].[localhost].[/]       : Initializing Spring DispatcherServlet 'dispatcherServlet'
2026-04-28T23:01:15.444-05:00  INFO 29292 --- [Backend_Login] [nio-8081-exec-1] o.s.web.servlet.DispatcherServlet        : Initializing Servlet 'dispatcherServlet'
2026-04-28T23:01:15.444-05:00  INFO 29292 --- [Backend_Login] [nio-8081-exec-1] o.s.web.servlet.DispatcherServlet        : Completed initialization in 0 ms
2026-04-28T23:01:15.460-05:00 DEBUG 29292 --- [Backend_Login] [nio-8081-exec-1] o.s.security.web.FilterChainProxy        : Securing OPTIONS /api/notificaciones/contador
2026-04-28T23:01:15.476-05:00 DEBUG 29292 --- [Backend_Login] [nio-8081-exec-4] o.s.security.web.FilterChainProxy        : Securing GET /api/notificaciones/contador
Hibernate: select u1_0.id_usuario,u1_0.celular_usuario,u1_0.ciudad_usuario,u1_0.contrasena_usuario,u1_0.correo_usuario,u1_0.estado_usuario,u1_0.fecha_registro_usuario,u1_0.id_rol,u1_0.nombre_usuario from usuario u1_0 where u1_0.correo_usuario=?
2026-04-28T23:01:15.643-05:00 DEBUG 29292 --- [Backend_Login] [nio-8081-exec-4] o.s.security.web.FilterChainProxy        : Secured GET /api/notificaciones/contador
Hibernate: select u1_0.id_usuario,u1_0.celular_usuario,u1_0.ciudad_usuario,u1_0.contrasena_usuario,u1_0.correo_usuario,u1_0.estado_usuario,u1_0.fecha_registro_usuario,u1_0.id_rol,u1_0.nombre_usuario from usuario u1_0 where u1_0.correo_usuario=?
Hibernate: select count(n1_0.id_notificacion) from notificacion n1_0 where n1_0.id_usuario_destino=? and not(n1_0.leida)
